<?xml version="1.0" encoding="UTF-8"?>
<testsuite xmlns:xsi="http://www.w3.org/2001/XMLSchema-instance" xsi:noNamespaceSchemaLocation="https://maven.apache.org/surefire/maven-surefire-plugin/xsd/surefire-test-report.xsd" name="com.hoaxify.ws.WsApplicationTests" time="19.885" tests="1" errors="0" skipped="0" failures="0">
  <properties>
    <property name="awt.toolkit" value="sun.awt.X11.XToolkit"/>
    <property name="file.encoding.pkg" value="sun.io"/>
    <property name="java.specification.version" value="1.8"/>
    <property name="sun.cpu.isalist" value=""/>
    <property name="sun.jnu.encoding" value="UTF-8"/>
    <property name="java.class.path" value="/home/yusuf/Belgeler/java/ws/target/test-classes:/home/yusuf/Belgeler/java/ws/target/classes:/home/yusuf/.m2/repository/org/springframework/boot/spring-boot-starter-data-jpa/2.2.8.RELEASE/spring-boot-starter-data-jpa-2.2.8.RELEASE.jar:/home/yusuf/.m2/repository/org/springframework/boot/spring-boot-starter-aop/2.2.8.RELEASE/spring-boot-starter-aop-2.2.8.RELEASE.jar:/home/yusuf/.m2/repository/org/aspectj/aspectjweaver/1.9.5/aspectjweaver-1.9.5.jar:/home/yusuf/.m2/repository/org/springframework/boot/spring-boot-starter-jdbc/2.2.8.RELEASE/spring-boot-starter-jdbc-2.2.8.RELEASE.jar:/home/yusuf/.m2/repository/com/zaxxer/HikariCP/3.4.5/HikariCP-3.4.5.jar:/home/yusuf/.m2/repository/org/springframework/spring-jdbc/5.2.7.RELEASE/spring-jdbc-5.2.7.RELEASE.jar:/home/yusuf/.m2/repository/jakarta/persistence/jakarta.persistence-api/2.2.3/jakarta.persistence-api-2.2.3.jar:/home/yusuf/.m2/repository/jakarta/transaction/jakarta.transaction-api/1.3.3/jakarta.transaction-api-1.3.3.jar:/home/yusuf/.m2/repository/org/hibernate/hibernate-core/5.4.17.Final/hibernate-core-5.4.17.Final.jar:/home/yusuf/.m2/repository/org/jboss/logging/jboss-logging/3.4.1.Final/jboss-logging-3.4.1.Final.jar:/home/yusuf/.m2/repository/org/javassist/javassist/3.24.0-GA/javassist-3.24.0-GA.jar:/home/yusuf/.m2/repository/net/bytebuddy/byte-buddy/1.10.11/byte-buddy-1.10.11.jar:/home/yusuf/.m2/repository/antlr/antlr/2.7.7/antlr-2.7.7.jar:/home/yusuf/.m2/repository/org/jboss/jandex/2.1.3.Final/jandex-2.1.3.Final.jar:/home/yusuf/.m2/repository/com/fasterxml/classmate/1.5.1/classmate-1.5.1.jar:/home/yusuf/.m2/repository/org/dom4j/dom4j/2.1.3/dom4j-2.1.3.jar:/home/yusuf/.m2/repository/org/hibernate/common/hibernate-commons-annotations/5.1.0.Final/hibernate-commons-annotations-5.1.0.Final.jar:/home/yusuf/.m2/repository/org/glassfish/jaxb/jaxb-runtime/2.3.3/jaxb-runtime-2.3.3.jar:/home/yusuf/.m2/repository/org/glassfish/jaxb/txw2/2.3.3/txw2-2.3.3.jar:/home/yusuf/.m2/repository/com/sun/istack/istack-commons-runtime/3.0.11/istack-commons-runtime-3.0.11.jar:/home/yusuf/.m2/repository/com/sun/activation/jakarta.activation/1.2.2/jakarta.activation-1.2.2.jar:/home/yusuf/.m2/repository/org/springframework/data/spring-data-jpa/2.2.8.RELEASE/spring-data-jpa-2.2.8.RELEASE.jar:/home/yusuf/.m2/repository/org/springframework/data/spring-data-commons/2.2.8.RELEASE/spring-data-commons-2.2.8.RELEASE.jar:/home/yusuf/.m2/repository/org/springframework/spring-orm/5.2.7.RELEASE/spring-orm-5.2.7.RELEASE.jar:/home/yusuf/.m2/repository/org/springframework/spring-tx/5.2.7.RELEASE/spring-tx-5.2.7.RELEASE.jar:/home/yusuf/.m2/repository/org/slf4j/slf4j-api/1.7.30/slf4j-api-1.7.30.jar:/home/yusuf/.m2/repository/org/springframework/spring-aspects/5.2.7.RELEASE/spring-aspects-5.2.7.RELEASE.jar:/home/yusuf/.m2/repository/org/springframework/boot/spring-boot-starter-security/2.2.8.RELEASE/spring-boot-starter-security-2.2.8.RELEASE.jar:/home/yusuf/.m2/repository/org/springframework/boot/spring-boot-starter/2.2.8.RELEASE/spring-boot-starter-2.2.8.RELEASE.jar:/home/yusuf/.m2/repository/org/springframework/boot/spring-boot-starter-logging/2.2.8.RELEASE/spring-boot-starter-logging-2.2.8.RELEASE.jar:/home/yusuf/.m2/repository/ch/qos/logback/logback-classic/1.2.3/logback-classic-1.2.3.jar:/home/yusuf/.m2/repository/ch/qos/logback/logback-core/1.2.3/logback-core-1.2.3.jar:/home/yusuf/.m2/repository/org/apache/logging/log4j/log4j-to-slf4j/2.12.1/log4j-to-slf4j-2.12.1.jar:/home/yusuf/.m2/repository/org/apache/logging/log4j/log4j-api/2.12.1/log4j-api-2.12.1.jar:/home/yusuf/.m2/repository/org/slf4j/jul-to-slf4j/1.7.30/jul-to-slf4j-1.7.30.jar:/home/yusuf/.m2/repository/jakarta/annotation/jakarta.annotation-api/1.3.5/jakarta.annotation-api-1.3.5.jar:/home/yusuf/.m2/repository/org/yaml/snakeyaml/1.25/snakeyaml-1.25.jar:/home/yusuf/.m2/repository/org/springframework/spring-aop/5.2.7.RELEASE/spring-aop-5.2.7.RELEASE.jar:/home/yusuf/.m2/repository/org/springframework/security/spring-security-config/5.2.5.RELEASE/spring-security-config-5.2.5.RELEASE.jar:/home/yusuf/.m2/repository/org/springframework/security/spring-security-web/5.2.5.RELEASE/spring-security-web-5.2.5.RELEASE.jar:/home/yusuf/.m2/repository/org/springframework/boot/spring-boot-starter-web/2.2.8.RELEASE/spring-boot-starter-web-2.2.8.RELEASE.jar:/home/yusuf/.m2/repository/org/springframework/boot/spring-boot-starter-json/2.2.8.RELEASE/spring-boot-starter-json-2.2.8.RELEASE.jar:/home/yusuf/.m2/repository/com/fasterxml/jackson/core/jackson-databind/2.10.4/jackson-databind-2.10.4.jar:/home/yusuf/.m2/repository/com/fasterxml/jackson/core/jackson-annotations/2.10.4/jackson-annotations-2.10.4.jar:/home/yusuf/.m2/repository/com/fasterxml/jackson/core/jackson-core/2.10.4/jackson-core-2.10.4.jar:/home/yusuf/.m2/repository/com/fasterxml/jackson/datatype/jackson-datatype-jdk8/2.10.4/jackson-datatype-jdk8-2.10.4.jar:/home/yusuf/.m2/repository/com/fasterxml/jackson/datatype/jackson-datatype-jsr310/2.10.4/jackson-datatype-jsr310-2.10.4.jar:/home/yusuf/.m2/repository/com/fasterxml/jackson/module/jackson-module-parameter-names/2.10.4/jackson-module-parameter-names-2.10.4.jar:/home/yusuf/.m2/repository/org/springframework/boot/spring-boot-starter-tomcat/2.2.8.RELEASE/spring-boot-starter-tomcat-2.2.8.RELEASE.jar:/home/yusuf/.m2/repository/org/apache/tomcat/embed/tomcat-embed-core/9.0.36/tomcat-embed-core-9.0.36.jar:/home/yusuf/.m2/repository/org/apache/tomcat/embed/tomcat-embed-el/9.0.36/tomcat-embed-el-9.0.36.jar:/home/yusuf/.m2/repository/org/apache/tomcat/embed/tomcat-embed-websocket/9.0.36/tomcat-embed-websocket-9.0.36.jar:/home/yusuf/.m2/repository/org/springframework/boot/spring-boot-starter-validation/2.2.8.RELEASE/spring-boot-starter-validation-2.2.8.RELEASE.jar:/home/yusuf/.m2/repository/jakarta/validation/jakarta.validation-api/2.0.2/jakarta.validation-api-2.0.2.jar:/home/yusuf/.m2/repository/org/hibernate/validator/hibernate-validator/6.0.20.Final/hibernate-validator-6.0.20.Final.jar:/home/yusuf/.m2/repository/org/springframework/spring-web/5.2.7.RELEASE/spring-web-5.2.7.RELEASE.jar:/home/yusuf/.m2/repository/org/springframework/spring-webmvc/5.2.7.RELEASE/spring-webmvc-5.2.7.RELEASE.jar:/home/yusuf/.m2/repository/org/springframework/boot/spring-boot-devtools/2.2.8.RELEASE/spring-boot-devtools-2.2.8.RELEASE.jar:/home/yusuf/.m2/repository/org/springframework/boot/spring-boot/2.2.8.RELEASE/spring-boot-2.2.8.RELEASE.jar:/home/yusuf/.m2/repository/org/springframework/boot/spring-boot-autoconfigure/2.2.8.RELEASE/spring-boot-autoconfigure-2.2.8.RELEASE.jar:/home/yusuf/.m2/repository/com/h2database/h2/1.4.200/h2-1.4.200.jar:/home/yusuf/.m2/repository/org/projectlombok/lombok/1.18.12/lombok-1.18.12.jar:/home/yusuf/.m2/repository/org/springframework/boot/spring-boot-starter-test/2.2.8.RELEASE/spring-boot-starter-test-2.2.8.RELEASE.jar:/home/yusuf/.m2/repository/org/springframework/boot/spring-boot-test/2.2.8.RELEASE/spring-boot-test-2.2.8.RELEASE.jar:/home/yusuf/.m2/repository/org/springframework/boot/spring-boot-test-autoconfigure/2.2.8.RELEASE/spring-boot-test-autoconfigure-2.2.8.RELEASE.jar:/home/yusuf/.m2/repository/com/jayway/jsonpath/json-path/2.4.0/json-path-2.4.0.jar:/home/yusuf/.m2/repository/net/minidev/json-smart/2.3/json-smart-2.3.jar:/home/yusuf/.m2/repository/net/minidev/accessors-smart/1.2/accessors-smart-1.2.jar:/home/yusuf/.m2/repository/org/ow2/asm/asm/5.0.4/asm-5.0.4.jar:/home/yusuf/.m2/repository/jakarta/xml/bind/jakarta.xml.bind-api/2.3.3/jakarta.xml.bind-api-2.3.3.jar:/home/yusuf/.m2/repository/jakarta/activation/jakarta.activation-api/1.2.2/jakarta.activation-api-1.2.2.jar:/home/yusuf/.m2/repository/org/junit/jupiter/junit-jupiter/5.5.2/junit-jupiter-5.5.2.jar:/home/yusuf/.m2/repository/org/junit/jupiter/junit-jupiter-api/5.5.2/junit-jupiter-api-5.5.2.jar:/home/yusuf/.m2/repository/org/apiguardian/apiguardian-api/1.1.0/apiguardian-api-1.1.0.jar:/home/yusuf/.m2/repository/org/opentest4j/opentest4j/1.2.0/opentest4j-1.2.0.jar:/home/yusuf/.m2/repository/org/junit/platform/junit-platform-commons/1.5.2/junit-platform-commons-1.5.2.jar:/home/yusuf/.m2/repository/org/junit/jupiter/junit-jupiter-params/5.5.2/junit-jupiter-params-5.5.2.jar:/home/yusuf/.m2/repository/org/junit/jupiter/junit-jupiter-engine/5.5.2/junit-jupiter-engine-5.5.2.jar:/home/yusuf/.m2/repository/org/junit/platform/junit-platform-engine/1.5.2/junit-platform-engine-1.5.2.jar:/home/yusuf/.m2/repository/org/mockito/mockito-junit-jupiter/3.1.0/mockito-junit-jupiter-3.1.0.jar:/home/yusuf/.m2/repository/org/assertj/assertj-core/3.13.2/assertj-core-3.13.2.jar:/home/yusuf/.m2/repository/org/hamcrest/hamcrest/2.1/hamcrest-2.1.jar:/home/yusuf/.m2/repository/org/mockito/mockito-core/3.1.0/mockito-core-3.1.0.jar:/home/yusuf/.m2/repository/net/bytebuddy/byte-buddy-agent/1.10.11/byte-buddy-agent-1.10.11.jar:/home/yusuf/.m2/repository/org/objenesis/objenesis/2.6/objenesis-2.6.jar:/home/yusuf/.m2/repository/org/skyscreamer/jsonassert/1.5.0/jsonassert-1.5.0.jar:/home/yusuf/.m2/repository/com/vaadin/external/google/android-json/0.0.20131108.vaadin1/android-json-0.0.20131108.vaadin1.jar:/home/yusuf/.m2/repository/org/springframework/spring-core/5.2.7.RELEASE/spring-core-5.2.7.RELEASE.jar:/home/yusuf/.m2/repository/org/springframework/spring-jcl/5.2.7.RELEASE/spring-jcl-5.2.7.RELEASE.jar:/home/yusuf/.m2/repository/org/springframework/spring-test/5.2.7.RELEASE/spring-test-5.2.7.RELEASE.jar:/home/yusuf/.m2/repository/org/xmlunit/xmlunit-core/2.6.4/xmlunit-core-2.6.4.jar:/home/yusuf/.m2/repository/org/springframework/security/spring-security-test/5.2.5.RELEASE/spring-security-test-5.2.5.RELEASE.jar:/home/yusuf/.m2/repository/org/springframework/security/spring-security-core/5.2.5.RELEASE/spring-security-core-5.2.5.RELEASE.jar:/home/yusuf/.m2/repository/org/springframework/spring-beans/5.2.7.RELEASE/spring-beans-5.2.7.RELEASE.jar:/home/yusuf/.m2/repository/org/springframework/spring-context/5.2.7.RELEASE/spring-context-5.2.7.RELEASE.jar:/home/yusuf/.m2/repository/org/springframework/spring-expression/5.2.7.RELEASE/spring-expression-5.2.7.RELEASE.jar:"/>
    <property name="java.vm.vendor" value="Oracle Corporation"/>
    <property name="sun.arch.data.model" value="64"/>
    <property name="java.vendor.url" value="http://java.oracle.com/"/>
    <property name="user.timezone" value=""/>
    <property name="java.vm.specification.version" value="1.8"/>
    <property name="os.name" value="Linux"/>
    <property name="user.country" value="TR"/>
    <property name="sun.java.launcher" value="SUN_STANDARD"/>
    <property name="sun.boot.library.path" value="/usr/lib/jvm/java-8-openjdk/jre/lib/amd64"/>
    <property name="sun.java.command" value="/home/yusuf/Belgeler/java/ws/target/surefire/surefirebooter8926345082530964235.jar /home/yusuf/Belgeler/java/ws/target/surefire 2020-07-14T16-54-17_893-jvmRun1 surefire6157864606127796834tmp surefire_09052305602076636206tmp"/>
    <property name="surefire.test.class.path" value="/home/yusuf/Belgeler/java/ws/target/test-classes:/home/yusuf/Belgeler/java/ws/target/classes:/home/yusuf/.m2/repository/org/springframework/boot/spring-boot-starter-data-jpa/2.2.8.RELEASE/spring-boot-starter-data-jpa-2.2.8.RELEASE.jar:/home/yusuf/.m2/repository/org/springframework/boot/spring-boot-starter-aop/2.2.8.RELEASE/spring-boot-starter-aop-2.2.8.RELEASE.jar:/home/yusuf/.m2/repository/org/aspectj/aspectjweaver/1.9.5/aspectjweaver-1.9.5.jar:/home/yusuf/.m2/repository/org/springframework/boot/spring-boot-starter-jdbc/2.2.8.RELEASE/spring-boot-starter-jdbc-2.2.8.RELEASE.jar:/home/yusuf/.m2/repository/com/zaxxer/HikariCP/3.4.5/HikariCP-3.4.5.jar:/home/yusuf/.m2/repository/org/springframework/spring-jdbc/5.2.7.RELEASE/spring-jdbc-5.2.7.RELEASE.jar:/home/yusuf/.m2/repository/jakarta/persistence/jakarta.persistence-api/2.2.3/jakarta.persistence-api-2.2.3.jar:/home/yusuf/.m2/repository/jakarta/transaction/jakarta.transaction-api/1.3.3/jakarta.transaction-api-1.3.3.jar:/home/yusuf/.m2/repository/org/hibernate/hibernate-core/5.4.17.Final/hibernate-core-5.4.17.Final.jar:/home/yusuf/.m2/repository/org/jboss/logging/jboss-logging/3.4.1.Final/jboss-logging-3.4.1.Final.jar:/home/yusuf/.m2/repository/org/javassist/javassist/3.24.0-GA/javassist-3.24.0-GA.jar:/home/yusuf/.m2/repository/net/bytebuddy/byte-buddy/1.10.11/byte-buddy-1.10.11.jar:/home/yusuf/.m2/repository/antlr/antlr/2.7.7/antlr-2.7.7.jar:/home/yusuf/.m2/repository/org/jboss/jandex/2.1.3.Final/jandex-2.1.3.Final.jar:/home/yusuf/.m2/repository/com/fasterxml/classmate/1.5.1/classmate-1.5.1.jar:/home/yusuf/.m2/repository/org/dom4j/dom4j/2.1.3/dom4j-2.1.3.jar:/home/yusuf/.m2/repository/org/hibernate/common/hibernate-commons-annotations/5.1.0.Final/hibernate-commons-annotations-5.1.0.Final.jar:/home/yusuf/.m2/repository/org/glassfish/jaxb/jaxb-runtime/2.3.3/jaxb-runtime-2.3.3.jar:/home/yusuf/.m2/repository/org/glassfish/jaxb/txw2/2.3.3/txw2-2.3.3.jar:/home/yusuf/.m2/repository/com/sun/istack/istack-commons-runtime/3.0.11/istack-commons-runtime-3.0.11.jar:/home/yusuf/.m2/repository/com/sun/activation/jakarta.activation/1.2.2/jakarta.activation-1.2.2.jar:/home/yusuf/.m2/repository/org/springframework/data/spring-data-jpa/2.2.8.RELEASE/spring-data-jpa-2.2.8.RELEASE.jar:/home/yusuf/.m2/repository/org/springframework/data/spring-data-commons/2.2.8.RELEASE/spring-data-commons-2.2.8.RELEASE.jar:/home/yusuf/.m2/repository/org/springframework/spring-orm/5.2.7.RELEASE/spring-orm-5.2.7.RELEASE.jar:/home/yusuf/.m2/repository/org/springframework/spring-tx/5.2.7.RELEASE/spring-tx-5.2.7.RELEASE.jar:/home/yusuf/.m2/repository/org/slf4j/slf4j-api/1.7.30/slf4j-api-1.7.30.jar:/home/yusuf/.m2/repository/org/springframework/spring-aspects/5.2.7.RELEASE/spring-aspects-5.2.7.RELEASE.jar:/home/yusuf/.m2/repository/org/springframework/boot/spring-boot-starter-security/2.2.8.RELEASE/spring-boot-starter-security-2.2.8.RELEASE.jar:/home/yusuf/.m2/repository/org/springframework/boot/spring-boot-starter/2.2.8.RELEASE/spring-boot-starter-2.2.8.RELEASE.jar:/home/yusuf/.m2/repository/org/springframework/boot/spring-boot-starter-logging/2.2.8.RELEASE/spring-boot-starter-logging-2.2.8.RELEASE.jar:/home/yusuf/.m2/repository/ch/qos/logback/logback-classic/1.2.3/logback-classic-1.2.3.jar:/home/yusuf/.m2/repository/ch/qos/logback/logback-core/1.2.3/logback-core-1.2.3.jar:/home/yusuf/.m2/repository/org/apache/logging/log4j/log4j-to-slf4j/2.12.1/log4j-to-slf4j-2.12.1.jar:/home/yusuf/.m2/repository/org/apache/logging/log4j/log4j-api/2.12.1/log4j-api-2.12.1.jar:/home/yusuf/.m2/repository/org/slf4j/jul-to-slf4j/1.7.30/jul-to-slf4j-1.7.30.jar:/home/yusuf/.m2/repository/jakarta/annotation/jakarta.annotation-api/1.3.5/jakarta.annotation-api-1.3.5.jar:/home/yusuf/.m2/repository/org/yaml/snakeyaml/1.25/snakeyaml-1.25.jar:/home/yusuf/.m2/repository/org/springframework/spring-aop/5.2.7.RELEASE/spring-aop-5.2.7.RELEASE.jar:/home/yusuf/.m2/repository/org/springframework/security/spring-security-config/5.2.5.RELEASE/spring-security-config-5.2.5.RELEASE.jar:/home/yusuf/.m2/repository/org/springframework/security/spring-security-web/5.2.5.RELEASE/spring-security-web-5.2.5.RELEASE.jar:/home/yusuf/.m2/repository/org/springframework/boot/spring-boot-starter-web/2.2.8.RELEASE/spring-boot-starter-web-2.2.8.RELEASE.jar:/home/yusuf/.m2/repository/org/springframework/boot/spring-boot-starter-json/2.2.8.RELEASE/spring-boot-starter-json-2.2.8.RELEASE.jar:/home/yusuf/.m2/repository/com/fasterxml/jackson/core/jackson-databind/2.10.4/jackson-databind-2.10.4.jar:/home/yusuf/.m2/repository/com/fasterxml/jackson/core/jackson-annotations/2.10.4/jackson-annotations-2.10.4.jar:/home/yusuf/.m2/repository/com/fasterxml/jackson/core/jackson-core/2.10.4/jackson-core-2.10.4.jar:/home/yusuf/.m2/repository/com/fasterxml/jackson/datatype/jackson-datatype-jdk8/2.10.4/jackson-datatype-jdk8-2.10.4.jar:/home/yusuf/.m2/repository/com/fasterxml/jackson/datatype/jackson-datatype-jsr310/2.10.4/jackson-datatype-jsr310-2.10.4.jar:/home/yusuf/.m2/repository/com/fasterxml/jackson/module/jackson-module-parameter-names/2.10.4/jackson-module-parameter-names-2.10.4.jar:/home/yusuf/.m2/repository/org/springframework/boot/spring-boot-starter-tomcat/2.2.8.RELEASE/spring-boot-starter-tomcat-2.2.8.RELEASE.jar:/home/yusuf/.m2/repository/org/apache/tomcat/embed/tomcat-embed-core/9.0.36/tomcat-embed-core-9.0.36.jar:/home/yusuf/.m2/repository/org/apache/tomcat/embed/tomcat-embed-el/9.0.36/tomcat-embed-el-9.0.36.jar:/home/yusuf/.m2/repository/org/apache/tomcat/embed/tomcat-embed-websocket/9.0.36/tomcat-embed-websocket-9.0.36.jar:/home/yusuf/.m2/repository/org/springframework/boot/spring-boot-starter-validation/2.2.8.RELEASE/spring-boot-starter-validation-2.2.8.RELEASE.jar:/home/yusuf/.m2/repository/jakarta/validation/jakarta.validation-api/2.0.2/jakarta.validation-api-2.0.2.jar:/home/yusuf/.m2/repository/org/hibernate/validator/hibernate-validator/6.0.20.Final/hibernate-validator-6.0.20.Final.jar:/home/yusuf/.m2/repository/org/springframework/spring-web/5.2.7.RELEASE/spring-web-5.2.7.RELEASE.jar:/home/yusuf/.m2/repository/org/springframework/spring-webmvc/5.2.7.RELEASE/spring-webmvc-5.2.7.RELEASE.jar:/home/yusuf/.m2/repository/org/springframework/boot/spring-boot-devtools/2.2.8.RELEASE/spring-boot-devtools-2.2.8.RELEASE.jar:/home/yusuf/.m2/repository/org/springframework/boot/spring-boot/2.2.8.RELEASE/spring-boot-2.2.8.RELEASE.jar:/home/yusuf/.m2/repository/org/springframework/boot/spring-boot-autoconfigure/2.2.8.RELEASE/spring-boot-autoconfigure-2.2.8.RELEASE.jar:/home/yusuf/.m2/repository/com/h2database/h2/1.4.200/h2-1.4.200.jar:/home/yusuf/.m2/repository/org/projectlombok/lombok/1.18.12/lombok-1.18.12.jar:/home/yusuf/.m2/repository/org/springframework/boot/spring-boot-starter-test/2.2.8.RELEASE/spring-boot-starter-test-2.2.8.RELEASE.jar:/home/yusuf/.m2/repository/org/springframework/boot/spring-boot-test/2.2.8.RELEASE/spring-boot-test-2.2.8.RELEASE.jar:/home/yusuf/.m2/repository/org/springframework/boot/spring-boot-test-autoconfigure/2.2.8.RELEASE/spring-boot-test-autoconfigure-2.2.8.RELEASE.jar:/home/yusuf/.m2/repository/com/jayway/jsonpath/json-path/2.4.0/json-path-2.4.0.jar:/home/yusuf/.m2/repository/net/minidev/json-smart/2.3/json-smart-2.3.jar:/home/yusuf/.m2/repository/net/minidev/accessors-smart/1.2/accessors-smart-1.2.jar:/home/yusuf/.m2/repository/org/ow2/asm/asm/5.0.4/asm-5.0.4.jar:/home/yusuf/.m2/repository/jakarta/xml/bind/jakarta.xml.bind-api/2.3.3/jakarta.xml.bind-api-2.3.3.jar:/home/yusuf/.m2/repository/jakarta/activation/jakarta.activation-api/1.2.2/jakarta.activation-api-1.2.2.jar:/home/yusuf/.m2/repository/org/junit/jupiter/junit-jupiter/5.5.2/junit-jupiter-5.5.2.jar:/home/yusuf/.m2/repository/org/junit/jupiter/junit-jupiter-api/5.5.2/junit-jupiter-api-5.5.2.jar:/home/yusuf/.m2/repository/org/apiguardian/apiguardian-api/1.1.0/apiguardian-api-1.1.0.jar:/home/yusuf/.m2/repository/org/opentest4j/opentest4j/1.2.0/opentest4j-1.2.0.jar:/home/yusuf/.m2/repository/org/junit/platform/junit-platform-commons/1.5.2/junit-platform-commons-1.5.2.jar:/home/yusuf/.m2/repository/org/junit/jupiter/junit-jupiter-params/5.5.2/junit-jupiter-params-5.5.2.jar:/home/yusuf/.m2/repository/org/junit/jupiter/junit-jupiter-engine/5.5.2/junit-jupiter-engine-5.5.2.jar:/home/yusuf/.m2/repository/org/junit/platform/junit-platform-engine/1.5.2/junit-platform-engine-1.5.2.jar:/home/yusuf/.m2/repository/org/mockito/mockito-junit-jupiter/3.1.0/mockito-junit-jupiter-3.1.0.jar:/home/yusuf/.m2/repository/org/assertj/assertj-core/3.13.2/assertj-core-3.13.2.jar:/home/yusuf/.m2/repository/org/hamcrest/hamcrest/2.1/hamcrest-2.1.jar:/home/yusuf/.m2/repository/org/mockito/mockito-core/3.1.0/mockito-core-3.1.0.jar:/home/yusuf/.m2/repository/net/bytebuddy/byte-buddy-agent/1.10.11/byte-buddy-agent-1.10.11.jar:/home/yusuf/.m2/repository/org/objenesis/objenesis/2.6/objenesis-2.6.jar:/home/yusuf/.m2/repository/org/skyscreamer/jsonassert/1.5.0/jsonassert-1.5.0.jar:/home/yusuf/.m2/repository/com/vaadin/external/google/android-json/0.0.20131108.vaadin1/android-json-0.0.20131108.vaadin1.jar:/home/yusuf/.m2/repository/org/springframework/spring-core/5.2.7.RELEASE/spring-core-5.2.7.RELEASE.jar:/home/yusuf/.m2/repository/org/springframework/spring-jcl/5.2.7.RELEASE/spring-jcl-5.2.7.RELEASE.jar:/home/yusuf/.m2/repository/org/springframework/spring-test/5.2.7.RELEASE/spring-test-5.2.7.RELEASE.jar:/home/yusuf/.m2/repository/org/xmlunit/xmlunit-core/2.6.4/xmlunit-core-2.6.4.jar:/home/yusuf/.m2/repository/org/springframework/security/spring-security-test/5.2.5.RELEASE/spring-security-test-5.2.5.RELEASE.jar:/home/yusuf/.m2/repository/org/springframework/security/spring-security-core/5.2.5.RELEASE/spring-security-core-5.2.5.RELEASE.jar:/home/yusuf/.m2/repository/org/springframework/spring-beans/5.2.7.RELEASE/spring-beans-5.2.7.RELEASE.jar:/home/yusuf/.m2/repository/org/springframework/spring-context/5.2.7.RELEASE/spring-context-5.2.7.RELEASE.jar:/home/yusuf/.m2/repository/org/springframework/spring-expression/5.2.7.RELEASE/spring-expression-5.2.7.RELEASE.jar:"/>
    <property name="sun.cpu.endian" value="little"/>
    <property name="user.home" value="/home/yusuf"/>
    <property name="user.language" value="tr"/>
    <property name="java.specification.vendor" value="Oracle Corporation"/>
    <property name="java.home" value="/usr/lib/jvm/java-8-openjdk/jre"/>
    <property name="basedir" value="/home/yusuf/Belgeler/java/ws"/>
    <property name="file.separator" value="/"/>
    <property name="line.separator" value="&#10;"/>
    <property name="java.vm.specification.vendor" value="Oracle Corporation"/>
    <property name="java.specification.name" value="Java Platform API Specification"/>
    <property name="java.awt.graphicsenv" value="sun.awt.X11GraphicsEnvironment"/>
    <property name="surefire.real.class.path" value="/home/yusuf/Belgeler/java/ws/target/surefire/surefirebooter8926345082530964235.jar"/>
    <property name="sun.boot.class.path" value="/usr/lib/jvm/java-8-openjdk/jre/lib/resources.jar:/usr/lib/jvm/java-8-openjdk/jre/lib/rt.jar:/usr/lib/jvm/java-8-openjdk/jre/lib/sunrsasign.jar:/usr/lib/jvm/java-8-openjdk/jre/lib/jsse.jar:/usr/lib/jvm/java-8-openjdk/jre/lib/jce.jar:/usr/lib/jvm/java-8-openjdk/jre/lib/charsets.jar:/usr/lib/jvm/java-8-openjdk/jre/lib/jfr.jar:/usr/lib/jvm/java-8-openjdk/jre/classes"/>
    <property name="sun.management.compiler" value="HotSpot 64-Bit Tiered Compilers"/>
    <property name="java.runtime.version" value="1.8.0_222-b05"/>
    <property name="user.name" value="yusuf"/>
    <property name="path.separator" value=":"/>
    <property name="os.version" value="5.5.19-milis"/>
    <property name="java.endorsed.dirs" value="/usr/lib/jvm/java-8-openjdk/jre/lib/endorsed"/>
    <property name="java.runtime.name" value="OpenJDK Runtime Environment"/>
    <property name="file.encoding" value="UTF-8"/>
    <property name="java.vm.name" value="OpenJDK 64-Bit Server VM"/>
    <property name="localRepository" value="/home/yusuf/.m2/repository"/>
    <property name="java.vendor.url.bug" value="http://bugreport.sun.com/bugreport/"/>
    <property name="java.io.tmpdir" value="/tmp"/>
    <property name="java.version" value="1.8.0_222"/>
    <property name="user.dir" value="/home/yusuf/Belgeler/java/ws"/>
    <property name="os.arch" value="amd64"/>
    <property name="java.vm.specification.name" value="Java Virtual Machine Specification"/>
    <property name="java.awt.printerjob" value="sun.print.PSPrinterJob"/>
    <property name="sun.os.patch.level" value="unknown"/>
    <property name="java.library.path" value="/usr/java/packages/lib/amd64:/usr/lib64:/lib64:/lib:/usr/lib"/>
    <property name="java.vm.info" value="mixed mode"/>
    <property name="java.vendor" value="Oracle Corporation"/>
    <property name="java.vm.version" value="25.222-b05"/>
    <property name="java.ext.dirs" value="/usr/lib/jvm/java-8-openjdk/jre/lib/ext:/usr/java/packages/lib/ext"/>
    <property name="sun.io.unicode.encoding" value="UnicodeLittle"/>
    <property name="java.class.version" value="52.0"/>
  </properties>
  <testcase name="contextLoads" classname="com.hoaxify.ws.WsApplicationTests" time="0.223"/>
</testsuite>